The system is: Windows - 10.0.19042 - AMD64
Compiling the C compiler identification source file "CMakeCCompilerId.c" succeeded.
Compiler: C:/Program Files (x86)/Microsoft Visual Studio/2017/Community/VC/Tools/MSVC/14.16.27023/bin/Hostx64/x64/cl.exe 
Build flags: 
Id flags:  

The output was:
0
用于 x64 的 Microsoft (R) C/C++ 优化编译器 19.16.27045 版
版权所有(C) Microsoft Corporation。保留所有权利。

CMakeCCompilerId.c
Microsoft (R) Incremental Linker Version 14.16.27045.0
Copyright (C) Microsoft Corporation.  All rights reserved.

/out:CMakeCCompilerId.exe 
CMakeCCompilerId.obj 


Compilation of the C compiler identification source "CMakeCCompilerId.c" produced "CMakeCCompilerId.exe"

Compilation of the C compiler identification source "CMakeCCompilerId.c" produced "CMakeCCompilerId.obj"

The C compiler identification is MSVC, found in "C:/lian_ling_tech/my_libs/serial/my_test/build/CMakeFiles/3.20.5/CompilerIdC/CMakeCCompilerId.exe"

Compiling the CXX compiler identification source file "CMakeCXXCompilerId.cpp" succeeded.
Compiler: C:/Program Files (x86)/Microsoft Visual Studio/2017/Community/VC/Tools/MSVC/14.16.27023/bin/Hostx64/x64/cl.exe 
Build flags: 
Id flags:  

The output was:
0
用于 x64 的 Microsoft (R) C/C++ 优化编译器 19.16.27045 版
版权所有(C) Microsoft Corporation。保留所有权利。

CMakeCXXCompilerId.cpp
Microsoft (R) Incremental Linker Version 14.16.27045.0
Copyright (C) Microsoft Corporation.  All rights reserved.

/out:CMakeCXXCompilerId.exe 
CMakeCXXCompilerId.obj 


Compilation of the CXX compiler identification source "CMakeCXXCompilerId.cpp" produced "CMakeCXXCompilerId.exe"

Compilation of the CXX compiler identification source "CMakeCXXCompilerId.cpp" produced "CMakeCXXCompilerId.obj"

The CXX compiler identification is MSVC, found in "C:/lian_ling_tech/my_libs/serial/my_test/build/CMakeFiles/3.20.5/CompilerIdCXX/CMakeCXXCompilerId.exe"

Detecting C compiler ABI info compiled with the following output:
Change Dir: C:/lian_ling_tech/my_libs/serial/my_test/build/CMakeFiles/CMakeTmp

Run Build Command(s):nmake -f Makefile /nologo cmTC_e66c9\fast && 	"C:\Program Files (x86)\Microsoft Visual Studio\2017\Community\VC\Tools\MSVC\14.16.27023\bin\HostX64\x64\nmake.exe"  -f CMakeFiles\cmTC_e66c9.dir\build.make /nologo -L                  CMakeFiles\cmTC_e66c9.dir\build
Building C object CMakeFiles/cmTC_e66c9.dir/CMakeCCompilerABI.c.obj
	C:\softwares\cmake\bin\cmake.exe -E cmake_cl_compile_depends --dep-file=CMakeFiles\cmTC_e66c9.dir\CMakeCCompilerABI.c.obj.d --working-dir=C:\lian_ling_tech\my_libs\serial\my_test\build\CMakeFiles\CMakeTmp --filter-prefix="注意: 包含文件:  " -- C:\PROGRA~2\MICROS~3\2017\COMMUN~1\VC\Tools\MSVC\1416~1.270\bin\Hostx64\x64\cl.exe @C:\Users\11024\AppData\Local\Temp\nmAB30.tmp
CMakeCCompilerABI.c
?鈷? 鍖呭惈鏂囦欢:  c:\softwares\cmake\share\cmake-3.20\modules\CMakeCompilerABI.h
Linking C executable cmTC_e66c9.exe
	C:\softwares\cmake\bin\cmake.exe -E vs_link_exe --intdir=CMakeFiles\cmTC_e66c9.dir --rc=C:\PROGRA~2\WI3CF2~1\10\bin\100177~1.0\x64\rc.exe --mt=C:\PROGRA~2\WI3CF2~1\10\bin\100177~1.0\x64\mt.exe --manifests -- C:\PROGRA~2\MICROS~3\2017\COMMUN~1\VC\Tools\MSVC\1416~1.270\bin\Hostx64\x64\link.exe /nologo @CMakeFiles\cmTC_e66c9.dir\objects1.rsp @C:\Users\11024\AppData\Local\Temp\nmAB7F.tmp



Detecting CXX compiler ABI info compiled with the following output:
Change Dir: C:/lian_ling_tech/my_libs/serial/my_test/build/CMakeFiles/CMakeTmp

Run Build Command(s):nmake -f Makefile /nologo cmTC_3cc83\fast && 	"C:\Program Files (x86)\Microsoft Visual Studio\2017\Community\VC\Tools\MSVC\14.16.27023\bin\HostX64\x64\nmake.exe"  -f CMakeFiles\cmTC_3cc83.dir\build.make /nologo -L                  CMakeFiles\cmTC_3cc83.dir\build
Building CXX object CMakeFiles/cmTC_3cc83.dir/CMakeCXXCompilerABI.cpp.obj
	C:\softwares\cmake\bin\cmake.exe -E cmake_cl_compile_depends --dep-file=CMakeFiles\cmTC_3cc83.dir\CMakeCXXCompilerABI.cpp.obj.d --working-dir=C:\lian_ling_tech\my_libs\serial\my_test\build\CMakeFiles\CMakeTmp --filter-prefix="注意: 包含文件:  " -- C:\PROGRA~2\MICROS~3\2017\COMMUN~1\VC\Tools\MSVC\1416~1.270\bin\Hostx64\x64\cl.exe @C:\Users\11024\AppData\Local\Temp\nmAE2D.tmp
CMakeCXXCompilerABI.cpp
?鈷? 鍖呭惈鏂囦欢:  c:\softwares\cmake\share\cmake-3.20\modules\CMakeCompilerABI.h
Linking CXX executable cmTC_3cc83.exe
	C:\softwares\cmake\bin\cmake.exe -E vs_link_exe --intdir=CMakeFiles\cmTC_3cc83.dir --rc=C:\PROGRA~2\WI3CF2~1\10\bin\100177~1.0\x64\rc.exe --mt=C:\PROGRA~2\WI3CF2~1\10\bin\100177~1.0\x64\mt.exe --manifests -- C:\PROGRA~2\MICROS~3\2017\COMMUN~1\VC\Tools\MSVC\1416~1.270\bin\Hostx64\x64\link.exe /nologo @CMakeFiles\cmTC_3cc83.dir\objects1.rsp @C:\Users\11024\AppData\Local\Temp\nmAE8C.tmp



The system is: Windows - 10.0.19042 - AMD64
Compiling the C compiler identification source file "CMakeCCompilerId.c" succeeded.
Compiler: C:/Program Files (x86)/Microsoft Visual Studio/2017/Community/VC/Tools/MSVC/14.16.27023/bin/Hostx64/x64/cl.exe 
Build flags: 
Id flags:  

The output was:
0
用于 x64 的 Microsoft (R) C/C++ 优化编译器 19.16.27045 版
版权所有(C) Microsoft Corporation。保留所有权利。

CMakeCCompilerId.c
Microsoft (R) Incremental Linker Version 14.16.27045.0
Copyright (C) Microsoft Corporation.  All rights reserved.

/out:CMakeCCompilerId.exe 
CMakeCCompilerId.obj 


Compilation of the C compiler identification source "CMakeCCompilerId.c" produced "CMakeCCompilerId.exe"

Compilation of the C compiler identification source "CMakeCCompilerId.c" produced "CMakeCCompilerId.obj"

The C compiler identification is MSVC, found in "C:/lian_ling_tech/my_libs/serial/my_test/build/CMakeFiles/3.20.5/CompilerIdC/CMakeCCompilerId.exe"

Compiling the CXX compiler identification source file "CMakeCXXCompilerId.cpp" succeeded.
Compiler: C:/Program Files (x86)/Microsoft Visual Studio/2017/Community/VC/Tools/MSVC/14.16.27023/bin/Hostx64/x64/cl.exe 
Build flags: 
Id flags:  

The output was:
0
用于 x64 的 Microsoft (R) C/C++ 优化编译器 19.16.27045 版
版权所有(C) Microsoft Corporation。保留所有权利。

CMakeCXXCompilerId.cpp
Microsoft (R) Incremental Linker Version 14.16.27045.0
Copyright (C) Microsoft Corporation.  All rights reserved.

/out:CMakeCXXCompilerId.exe 
CMakeCXXCompilerId.obj 


Compilation of the CXX compiler identification source "CMakeCXXCompilerId.cpp" produced "CMakeCXXCompilerId.exe"

Compilation of the CXX compiler identification source "CMakeCXXCompilerId.cpp" produced "CMakeCXXCompilerId.obj"

The CXX compiler identification is MSVC, found in "C:/lian_ling_tech/my_libs/serial/my_test/build/CMakeFiles/3.20.5/CompilerIdCXX/CMakeCXXCompilerId.exe"

Detecting C compiler ABI info compiled with the following output:
Change Dir: C:/lian_ling_tech/my_libs/serial/my_test/build/CMakeFiles/CMakeTmp

Run Build Command(s):nmake -f Makefile /nologo cmTC_1df4c\fast && 	"C:\Program Files (x86)\Microsoft Visual Studio\2017\Community\VC\Tools\MSVC\14.16.27023\bin\HostX64\x64\nmake.exe"  -f CMakeFiles\cmTC_1df4c.dir\build.make /nologo -L                  CMakeFiles\cmTC_1df4c.dir\build
Building C object CMakeFiles/cmTC_1df4c.dir/CMakeCCompilerABI.c.obj
	C:\softwares\cmake\bin\cmake.exe -E cmake_cl_compile_depends --dep-file=CMakeFiles\cmTC_1df4c.dir\CMakeCCompilerABI.c.obj.d --working-dir=C:\lian_ling_tech\my_libs\serial\my_test\build\CMakeFiles\CMakeTmp --filter-prefix="注意: 包含文件:  " -- C:\PROGRA~2\MICROS~3\2017\COMMUN~1\VC\Tools\MSVC\1416~1.270\bin\Hostx64\x64\cl.exe @C:\Users\11024\AppData\Local\Temp\nm5B28.tmp
CMakeCCompilerABI.c
?鈷? 鍖呭惈鏂囦欢:  c:\softwares\cmake\share\cmake-3.20\modules\CMakeCompilerABI.h
Linking C executable cmTC_1df4c.exe
	C:\softwares\cmake\bin\cmake.exe -E vs_link_exe --intdir=CMakeFiles\cmTC_1df4c.dir --rc=C:\PROGRA~2\WI3CF2~1\10\bin\100177~1.0\x64\rc.exe --mt=C:\PROGRA~2\WI3CF2~1\10\bin\100177~1.0\x64\mt.exe --manifests -- C:\PROGRA~2\MICROS~3\2017\COMMUN~1\VC\Tools\MSVC\1416~1.270\bin\Hostx64\x64\link.exe /nologo @CMakeFiles\cmTC_1df4c.dir\objects1.rsp @C:\Users\11024\AppData\Local\Temp\nm5B87.tmp



Detecting CXX compiler ABI info compiled with the following output:
Change Dir: C:/lian_ling_tech/my_libs/serial/my_test/build/CMakeFiles/CMakeTmp

Run Build Command(s):nmake -f Makefile /nologo cmTC_b8e7d\fast && 	"C:\Program Files (x86)\Microsoft Visual Studio\2017\Community\VC\Tools\MSVC\14.16.27023\bin\HostX64\x64\nmake.exe"  -f CMakeFiles\cmTC_b8e7d.dir\build.make /nologo -L                  CMakeFiles\cmTC_b8e7d.dir\build
Building CXX object CMakeFiles/cmTC_b8e7d.dir/CMakeCXXCompilerABI.cpp.obj
	C:\softwares\cmake\bin\cmake.exe -E cmake_cl_compile_depends --dep-file=CMakeFiles\cmTC_b8e7d.dir\CMakeCXXCompilerABI.cpp.obj.d --working-dir=C:\lian_ling_tech\my_libs\serial\my_test\build\CMakeFiles\CMakeTmp --filter-prefix="注意: 包含文件:  " -- C:\PROGRA~2\MICROS~3\2017\COMMUN~1\VC\Tools\MSVC\1416~1.270\bin\Hostx64\x64\cl.exe @C:\Users\11024\AppData\Local\Temp\nm5E45.tmp
CMakeCXXCompilerABI.cpp
?鈷? 鍖呭惈鏂囦欢:  c:\softwares\cmake\share\cmake-3.20\modules\CMakeCompilerABI.h
Linking CXX executable cmTC_b8e7d.exe
	C:\softwares\cmake\bin\cmake.exe -E vs_link_exe --intdir=CMakeFiles\cmTC_b8e7d.dir --rc=C:\PROGRA~2\WI3CF2~1\10\bin\100177~1.0\x64\rc.exe --mt=C:\PROGRA~2\WI3CF2~1\10\bin\100177~1.0\x64\mt.exe --manifests -- C:\PROGRA~2\MICROS~3\2017\COMMUN~1\VC\Tools\MSVC\1416~1.270\bin\Hostx64\x64\link.exe /nologo @CMakeFiles\cmTC_b8e7d.dir\objects1.rsp @C:\Users\11024\AppData\Local\Temp\nm5EA4.tmp



